<?xml version="1.0" encoding="UTF-8"?>
<!-- Generated by org.testng.reporters.JUnitXMLReporter -->
<testsuite ignored="0" hostname="LAPTOP-M661JK8C" failures="0" tests="3" name="Default test" time="110.859" errors="0" timestamp="2026-06-09T21:01:36 IST">
  <testcase classname="tests.LoginTest" name="invalidLoginTest" time="5.415"/>
  <testcase classname="tests.LoginTest" name="logoutTest" time="24.434"/>
  <testcase classname="tests.LoginTest" name="validLoginTest" time="11.924"/>
</testsuite> <!-- Default test -->
