<?xml version="1.0" encoding="UTF-8"?>
<!-- Generated by org.testng.reporters.JUnitReportReporter -->
<testsuite hostname="LAPTOP-M661JK8C" failures="0" tests="4" name="tests.ProductTest" time="64.038" errors="0" timestamp="2026-06-09T23:54:11 IST" skipped="0">
  <testcase classname="tests.ProductTest" name="invalidSearchProductTest" time="33.313"/>
  <testcase classname="tests.ProductTest" name="openProductsTest" time="13.692"/>
  <testcase classname="tests.ProductTest" name="addToCartTest" time="8.523"/>
  <testcase classname="tests.ProductTest" name="searchProductTest" time="8.510"/>
</testsuite> <!-- tests.ProductTest -->
