<?xml version="1.0" encoding="UTF-8"?>
<!-- Generated by org.testng.reporters.JUnitReportReporter -->
<testsuite hostname="LAPTOP-M661JK8C" failures="0" tests="3" name="tests.DatabaseTest" time="0.691" errors="0" timestamp="2026-06-09T20:50:03 IST" skipped="0">
  <testcase classname="tests.DatabaseTest" name="testConnection" time="0.068"/>
  <testcase classname="tests.DatabaseTest" name="readEmailTest" time="0.073"/>
  <testcase classname="tests.DatabaseTest" name="readCredentialsTest" time="0.550"/>
</testsuite> <!-- tests.DatabaseTest -->
