<?xml version="1.0" encoding="UTF-8"?>
<!-- Generated by org.testng.reporters.JUnitReportReporter -->
<testsuite hostname="LAPTOP-M661JK8C" failures="0" tests="3" name="tests.LoginTest" time="39.535" errors="0" timestamp="2026-06-09T23:54:11 IST" skipped="0">
  <testcase classname="tests.LoginTest" name="invalidLoginTest" time="9.610"/>
  <testcase classname="tests.LoginTest" name="validLoginTest" time="14.671"/>
  <testcase classname="tests.LoginTest" name="logoutTest" time="15.254"/>
</testsuite> <!-- tests.LoginTest -->
