<?xml version="1.0" encoding="UTF-8"?>
<!-- Generated by org.testng.reporters.JUnitXMLReporter -->
<testsuite ignored="0" hostname="LAPTOP-M661JK8C" failures="0" tests="10" name="Test" time="126.095" errors="0" timestamp="2026-06-08T21:36:25 IST">
  <testcase classname="tests.CartTest" name="addProductToCartTest" time="3.287"/>
  <testcase classname="tests.CartTest" name="removeProductFromCartTest" time="10.377"/>
  <testcase classname="tests.SignupTest" name="signupTest" time="5.159"/>
  <testcase classname="tests.HomePageTest" name="verifySignupButton" time="2.104"/>
  <testcase classname="tests.ProductTest" name="addToCartTest" time="3.315"/>
  <testcase classname="tests.ProductTest" name="openProductsTest" time="5.942"/>
  <testcase classname="tests.ProductTest" name="searchProductTest" time="3.245"/>
  <testcase classname="tests.LoginTest" name="invalidLoginTest" time="3.432"/>
  <testcase classname="tests.LoginTest" name="logoutTest" time="8.609"/>
  <testcase classname="tests.LoginTest" name="validLoginTest" time="2.154"/>
</testsuite> <!-- Test -->
