<?xml version="1.0" encoding="UTF-8"?>
<!-- Generated by org.testng.reporters.JUnitXMLReporter -->
<testsuite ignored="0" hostname="LAPTOP-M661JK8C" failures="0" tests="15" name="AutomationTests" time="219.289" errors="0" timestamp="2026-06-09T23:54:11 IST">
  <testcase classname="tests.HomePageTest" name="verifySignupButton" time="1.101"/>
  <testcase classname="tests.LoginTest" name="invalidLoginTest" time="4.147"/>
  <testcase classname="tests.LoginTest" name="logoutTest" time="11.122"/>
  <testcase classname="tests.LoginTest" name="validLoginTest" time="10.444"/>
  <testcase classname="tests.SignupTest" name="signupPageOpenTest" time="1.029"/>
  <testcase classname="tests.SignupTest" name="signupTest" time="3.936"/>
  <testcase classname="tests.ProductTest" name="addToCartTest" time="3.28"/>
  <testcase classname="tests.ProductTest" name="invalidSearchProductTest" time="3.144"/>
  <testcase classname="tests.ProductTest" name="openProductsTest" time="3.173"/>
  <testcase classname="tests.ProductTest" name="searchProductTest" time="3.219"/>
  <testcase classname="tests.CartTest" name="addProductToCartTest" time="3.259"/>
  <testcase classname="tests.CartTest" name="removeProductFromCartTest" time="10.195"/>
  <testcase classname="tests.ContactUsTest" name="contactUsTest" time="3.394"/>
  <testcase classname="tests.CheckoutTest" name="checkoutTest" time="11.314"/>
  <testcase classname="tests.AccountTest" name="verifyAccountPageTest" time="13.951"/>
</testsuite> <!-- AutomationTests -->
